<?xml version="1.0" encoding="UTF-8"?>
<!-- Generated by org.testng.reporters.JUnitReportReporter -->
<testsuite hostname="LAPTOP-TANMOY" failures="0" tests="1" name="tests.LogoutTest" time="4.438" errors="0" timestamp="2025-07-13T00:06:06 IST" skipped="0">
  <testcase classname="tests.LogoutTest" name="testLogoutFunctionality" time="4.438"/>
</testsuite> <!-- tests.LogoutTest -->
