<?xml version="1.0" encoding="UTF-8"?>
<!-- Generated by org.testng.reporters.JUnitReportReporter -->
<testsuite hostname="LAPTOP-TANMOY" failures="0" tests="2" name="tests.LoginTest" time="8.735" errors="0" timestamp="2025-07-12T22:06:06 IST" skipped="0">
  <testcase classname="tests.LoginTest" name="validLoginTest" time="3.201"/>
  <testcase classname="tests.LoginTest" name="invalidLoginTest" time="5.534"/>
</testsuite> <!-- tests.LoginTest -->
