<?xml version="1.0" encoding="UTF-8"?>
<!-- Generated by org.testng.reporters.JUnitReportReporter -->
<testsuite hostname="LAPTOP-TANMOY" failures="0" tests="1" name="tests.AddToCartTest" time="3.523" errors="0" timestamp="2025-07-13T00:06:06 IST" skipped="0">
  <testcase classname="tests.AddToCartTest" name="testAddAndRemoveProduct" time="3.523"/>
</testsuite> <!-- tests.AddToCartTest -->
