<?xml version="1.0" encoding="UTF-8"?>
<!-- Generated by org.testng.reporters.JUnitReportReporter -->
<testsuite hostname="LAPTOP-TANMOY" failures="0" tests="2" name="tests.ProductFilterTest" time="6.927" errors="0" timestamp="2025-07-12T22:06:06 IST" skipped="0">
  <testcase classname="tests.ProductFilterTest" name="verifyProductSortingLowToHigh" time="3.590"/>
  <testcase classname="tests.ProductFilterTest" name="verifyProductSortingHighToLow" time="3.337"/>
</testsuite> <!-- tests.ProductFilterTest -->
