<?xml version="1.0" encoding="UTF-8"?>
<!-- Generated by org.testng.reporters.JUnitReportReporter -->
<testsuite hostname="LAPTOP-TANMOY" failures="0" tests="2" name="tests.LoginTest" time="8.494" errors="0" timestamp="2025-07-13T00:06:06 IST" skipped="0">
  <testcase classname="tests.LoginTest" name="validLoginTest" time="4.989"/>
  <testcase classname="tests.LoginTest" name="invalidLoginTest" time="3.505"/>
</testsuite> <!-- tests.LoginTest -->
