<?xml version="1.0" encoding="UTF-8"?>
<!-- Generated by org.testng.reporters.JUnitReportReporter -->
<testsuite hostname="LAPTOP-TANMOY" failures="0" tests="2" name="tests.ProductFilterTest" time="8.374" errors="0" timestamp="2025-07-13T00:06:06 IST" skipped="0">
  <testcase classname="tests.ProductFilterTest" name="verifyProductSortingLowToHigh" time="4.323"/>
  <testcase classname="tests.ProductFilterTest" name="verifyProductSortingHighToLow" time="4.051"/>
</testsuite> <!-- tests.ProductFilterTest -->
